<?xml version="1.0" encoding="UTF-8"?>
<!-- Generated by org.testng.reporters.JUnitReportReporter -->
<testsuite hostname="PAKU-BLR-01" name="SimpleGetTest" tests="1" failures="0" timestamp="23 Aug 2021 18:37:03 GMT" time="4.963" errors="0">
  <testcase name="GetWeatherDetails" time="4.963" classname="SimpleGetTest"/>
</testsuite> <!-- SimpleGetTest -->
