<?xml version="1.0" encoding="UTF-8"?>
<!-- Generated by org.testng.reporters.JUnitReportReporter -->
<testsuite skipped="0" hostname="PAKU-BLR-01" name="TestCase.SimpleGetTest" tests="1" failures="0" timestamp="01 Nov 2021 17:27:24 GMT" time="4.192" errors="0">
  <testcase name="GetWeatherDetails" time="4.192" classname="TestCase.SimpleGetTest"/>
</testsuite> <!-- TestCase.SimpleGetTest -->
