<?xml version="1.0" encoding="UTF-8"?>
<!-- Generated by org.testng.reporters.JUnitReportReporter -->
<testsuite skipped="0" hostname="PAKU-BLR-01" name="TestCase.SimplePostTest" tests="1" failures="0" timestamp="01 Nov 2021 17:17:48 GMT" time="4.214" errors="0">
  <testcase name="Registration" time="4.214" classname="TestCase.SimplePostTest"/>
</testsuite> <!-- TestCase.SimplePostTest -->
